<?xml version="1.0" encoding="UTF-8"?>
<testng-results ignored="0" total="34" passed="33" failed="1" skipped="0">
  <reporter-output>
  </reporter-output>
  <suite started-at="2021-05-13T19:36:33 NZST" name="Test Suite" finished-at="2021-05-13T19:41:35 NZST" duration-ms="301887">
    <groups>
      <group name="cucumber">
        <method signature="AbstractTestNGCucumberTests.runScenario(io.cucumber.testng.PickleWrapper, io.cucumber.testng.FeatureWrapper)[pri:0, instance:com.example.TestRunner@5552768b]" name="runScenario" class="io.cucumber.testng.AbstractTestNGCucumberTests"/>
      </group> <!-- cucumber -->
    </groups>
    <test started-at="2021-05-13T19:36:33 NZST" name="Regression Tests" finished-at="2021-05-13T19:41:35 NZST" duration-ms="301887">
      <class name="com.example.TestRunner">
        <test-method is-config="true" signature="setUpClass()[pri:0, instance:com.example.TestRunner@5552768b]" started-at="2021-05-13T19:36:33 NZST" name="setUpClass" finished-at="2021-05-13T19:36:35 NZST" duration-ms="1980" status="PASS">
          <reporter-output>
          </reporter-output>
        </test-method> <!-- setUpClass -->
        <test-method signature="runScenario(io.cucumber.testng.PickleWrapper, io.cucumber.testng.FeatureWrapper)[pri:0, instance:com.example.TestRunner@5552768b]" started-at="2021-05-13T19:36:35 NZST" name="runScenario" description="Runs Cucumber Scenarios" data-provider="scenarios" finished-at="2021-05-13T19:36:46 NZST" duration-ms="10808" status="PASS">
          <params>
            <param index="0">
              <value>
                <![CDATA["Login to application using valid credentials"]]>
              </value>
            </param>
            <param index="1">
              <value>
                <![CDATA["Optional[Login Test]"]]>
              </value>
            </param>
          </params>
          <reporter-output>
          </reporter-output>
        </test-method> <!-- runScenario -->
        <test-method signature="runScenario(io.cucumber.testng.PickleWrapper, io.cucumber.testng.FeatureWrapper)[pri:0, instance:com.example.TestRunner@5552768b]" started-at="2021-05-13T19:36:46 NZST" name="runScenario" description="Runs Cucumber Scenarios" data-provider="scenarios" finished-at="2021-05-13T19:36:52 NZST" duration-ms="6379" status="PASS">
          <params>
            <param index="0">
              <value>
                <![CDATA["Login to application using invalid credentials"]]>
              </value>
            </param>
            <param index="1">
              <value>
                <![CDATA["Optional[Login Test]"]]>
              </value>
            </param>
          </params>
          <reporter-output>
          </reporter-output>
        </test-method> <!-- runScenario -->
        <test-method signature="runScenario(io.cucumber.testng.PickleWrapper, io.cucumber.testng.FeatureWrapper)[pri:0, instance:com.example.TestRunner@5552768b]" started-at="2021-05-13T19:36:52 NZST" name="runScenario" description="Runs Cucumber Scenarios" data-provider="scenarios" finished-at="2021-05-13T19:37:00 NZST" duration-ms="8462" status="PASS">
          <params>
            <param index="0">
              <value>
                <![CDATA["Validate that the user can visit the Overall Rating Page"]]>
              </value>
            </param>
            <param index="1">
              <value>
                <![CDATA["Optional[Overall Rating Test]"]]>
              </value>
            </param>
          </params>
          <reporter-output>
          </reporter-output>
        </test-method> <!-- runScenario -->
        <test-method signature="runScenario(io.cucumber.testng.PickleWrapper, io.cucumber.testng.FeatureWrapper)[pri:0, instance:com.example.TestRunner@5552768b]" started-at="2021-05-13T19:37:00 NZST" name="runScenario" description="Runs Cucumber Scenarios" data-provider="scenarios" finished-at="2021-05-13T19:37:12 NZST" duration-ms="11681" status="PASS">
          <params>
            <param index="0">
              <value>
                <![CDATA["Validate that the user can vote and comment"]]>
              </value>
            </param>
            <param index="1">
              <value>
                <![CDATA["Optional[Overall Rating Test]"]]>
              </value>
            </param>
          </params>
          <reporter-output>
          </reporter-output>
        </test-method> <!-- runScenario -->
        <test-method signature="runScenario(io.cucumber.testng.PickleWrapper, io.cucumber.testng.FeatureWrapper)[pri:0, instance:com.example.TestRunner@5552768b]" started-at="2021-05-13T19:37:12 NZST" name="runScenario" description="Runs Cucumber Scenarios" data-provider="scenarios" finished-at="2021-05-13T19:37:20 NZST" duration-ms="8038" status="PASS">
          <params>
            <param index="0">
              <value>
                <![CDATA["Validate that the pagination for overall rating page is working"]]>
              </value>
            </param>
            <param index="1">
              <value>
                <![CDATA["Optional[Overall Rating Test]"]]>
              </value>
            </param>
          </params>
          <reporter-output>
          </reporter-output>
        </test-method> <!-- runScenario -->
        <test-method signature="runScenario(io.cucumber.testng.PickleWrapper, io.cucumber.testng.FeatureWrapper)[pri:0, instance:com.example.TestRunner@5552768b]" started-at="2021-05-13T19:37:20 NZST" name="runScenario" description="Runs Cucumber Scenarios" data-provider="scenarios" finished-at="2021-05-13T19:37:29 NZST" duration-ms="8541" status="PASS">
          <params>
            <param index="0">
              <value>
                <![CDATA["Validate that the user can visit the Popular Make Page"]]>
              </value>
            </param>
            <param index="1">
              <value>
                <![CDATA["Optional[Popular Make Test]"]]>
              </value>
            </param>
          </params>
          <reporter-output>
          </reporter-output>
        </test-method> <!-- runScenario -->
        <test-method signature="runScenario(io.cucumber.testng.PickleWrapper, io.cucumber.testng.FeatureWrapper)[pri:0, instance:com.example.TestRunner@5552768b]" started-at="2021-05-13T19:37:29 NZST" name="runScenario" description="Runs Cucumber Scenarios" data-provider="scenarios" finished-at="2021-05-13T19:37:41 NZST" duration-ms="12355" status="PASS">
          <params>
            <param index="0">
              <value>
                <![CDATA["Validate that the user can vote and comment"]]>
              </value>
            </param>
            <param index="1">
              <value>
                <![CDATA["Optional[Popular Make Test]"]]>
              </value>
            </param>
          </params>
          <reporter-output>
          </reporter-output>
        </test-method> <!-- runScenario -->
        <test-method signature="runScenario(io.cucumber.testng.PickleWrapper, io.cucumber.testng.FeatureWrapper)[pri:0, instance:com.example.TestRunner@5552768b]" started-at="2021-05-13T19:37:41 NZST" name="runScenario" description="Runs Cucumber Scenarios" data-provider="scenarios" finished-at="2021-05-13T19:37:51 NZST" duration-ms="9839" status="FAIL">
          <params>
            <param index="0">
              <value>
                <![CDATA["Validate that the user can vote and comment and Author should be Ash Ketchum for Model :Reventon"]]>
              </value>
            </param>
            <param index="1">
              <value>
                <![CDATA["Optional[Popular Make Test]"]]>
              </value>
            </param>
          </params>
          <exception class="java.lang.AssertionError">
            <message>
              <![CDATA[expected [true] but found [false]]]>
            </message>
            <full-stacktrace>
              <![CDATA[java.lang.AssertionError: expected [true] but found [false]
at org.testng.Assert.fail(Assert.java:99)
at org.testng.Assert.failNotEquals(Assert.java:1037)
at org.testng.Assert.assertTrue(Assert.java:45)
at org.testng.Assert.assertTrue(Assert.java:55)
at com.example.PopularMakePage.validateAuthorCol(PopularMakePage.java:107)
at com.example.StepDefinitions.PopularMakeStepDefs.validateIfTheAuthorColumnIsPopulated(PopularMakeStepDefs.java:74)
at ✽.validate if the Author column is populated(file:///C:/Users/mondelop/Desktop/Java%20Selenium/WestPac4/sample-cucumber-testng/src/test/resources/features/PopularMakeTest.feature:36)
]]>
            </full-stacktrace>
          </exception> <!-- java.lang.AssertionError -->
          <reporter-output>
          </reporter-output>
        </test-method> <!-- runScenario -->
        <test-method signature="runScenario(io.cucumber.testng.PickleWrapper, io.cucumber.testng.FeatureWrapper)[pri:0, instance:com.example.TestRunner@5552768b]" started-at="2021-05-13T19:37:51 NZST" name="runScenario" description="Runs Cucumber Scenarios" data-provider="scenarios" finished-at="2021-05-13T19:37:58 NZST" duration-ms="7271" status="PASS">
          <params>
            <param index="0">
              <value>
                <![CDATA["Validate that the Model Column is present"]]>
              </value>
            </param>
            <param index="1">
              <value>
                <![CDATA["Optional[Popular Make Test]"]]>
              </value>
            </param>
          </params>
          <reporter-output>
          </reporter-output>
        </test-method> <!-- runScenario -->
        <test-method signature="runScenario(io.cucumber.testng.PickleWrapper, io.cucumber.testng.FeatureWrapper)[pri:0, instance:com.example.TestRunner@5552768b]" started-at="2021-05-13T19:37:58 NZST" name="runScenario" description="Runs Cucumber Scenarios" data-provider="scenarios" finished-at="2021-05-13T19:38:06 NZST" duration-ms="7979" status="PASS">
          <params>
            <param index="0">
              <value>
                <![CDATA["Validate that the Model Column is populated"]]>
              </value>
            </param>
            <param index="1">
              <value>
                <![CDATA["Optional[Popular Make Test]"]]>
              </value>
            </param>
          </params>
          <reporter-output>
          </reporter-output>
        </test-method> <!-- runScenario -->
        <test-method signature="runScenario(io.cucumber.testng.PickleWrapper, io.cucumber.testng.FeatureWrapper)[pri:0, instance:com.example.TestRunner@5552768b]" started-at="2021-05-13T19:38:06 NZST" name="runScenario" description="Runs Cucumber Scenarios" data-provider="scenarios" finished-at="2021-05-13T19:38:14 NZST" duration-ms="7944" status="PASS">
          <params>
            <param index="0">
              <value>
                <![CDATA["Validate that the Rank Column is present"]]>
              </value>
            </param>
            <param index="1">
              <value>
                <![CDATA["Optional[Popular Make Test]"]]>
              </value>
            </param>
          </params>
          <reporter-output>
          </reporter-output>
        </test-method> <!-- runScenario -->
        <test-method signature="runScenario(io.cucumber.testng.PickleWrapper, io.cucumber.testng.FeatureWrapper)[pri:0, instance:com.example.TestRunner@5552768b]" started-at="2021-05-13T19:38:14 NZST" name="runScenario" description="Runs Cucumber Scenarios" data-provider="scenarios" finished-at="2021-05-13T19:38:22 NZST" duration-ms="8053" status="PASS">
          <params>
            <param index="0">
              <value>
                <![CDATA["Validate that the Rank Value is populated"]]>
              </value>
            </param>
            <param index="1">
              <value>
                <![CDATA["Optional[Popular Make Test]"]]>
              </value>
            </param>
          </params>
          <reporter-output>
          </reporter-output>
        </test-method> <!-- runScenario -->
        <test-method signature="runScenario(io.cucumber.testng.PickleWrapper, io.cucumber.testng.FeatureWrapper)[pri:0, instance:com.example.TestRunner@5552768b]" started-at="2021-05-13T19:38:22 NZST" name="runScenario" description="Runs Cucumber Scenarios" data-provider="scenarios" finished-at="2021-05-13T19:38:30 NZST" duration-ms="7971" status="PASS">
          <params>
            <param index="0">
              <value>
                <![CDATA["Validate that the page pagination is working"]]>
              </value>
            </param>
            <param index="1">
              <value>
                <![CDATA["Optional[Popular Make Test]"]]>
              </value>
            </param>
          </params>
          <reporter-output>
          </reporter-output>
        </test-method> <!-- runScenario -->
        <test-method signature="runScenario(io.cucumber.testng.PickleWrapper, io.cucumber.testng.FeatureWrapper)[pri:0, instance:com.example.TestRunner@5552768b]" started-at="2021-05-13T19:38:30 NZST" name="runScenario" description="Runs Cucumber Scenarios" data-provider="scenarios" finished-at="2021-05-13T19:38:39 NZST" duration-ms="8756" status="PASS">
          <params>
            <param index="0">
              <value>
                <![CDATA["Validate that the user can visit the Popular Model Page"]]>
              </value>
            </param>
            <param index="1">
              <value>
                <![CDATA["Optional[Popular Model Test]"]]>
              </value>
            </param>
          </params>
          <reporter-output>
          </reporter-output>
        </test-method> <!-- runScenario -->
        <test-method signature="runScenario(io.cucumber.testng.PickleWrapper, io.cucumber.testng.FeatureWrapper)[pri:0, instance:com.example.TestRunner@5552768b]" started-at="2021-05-13T19:38:39 NZST" name="runScenario" description="Runs Cucumber Scenarios" data-provider="scenarios" finished-at="2021-05-13T19:38:50 NZST" duration-ms="11160" status="PASS">
          <params>
            <param index="0">
              <value>
                <![CDATA["Validate that the user can vote and comment while inside  the Popular Model Page"]]>
              </value>
            </param>
            <param index="1">
              <value>
                <![CDATA["Optional[Popular Model Test]"]]>
              </value>
            </param>
          </params>
          <reporter-output>
          </reporter-output>
        </test-method> <!-- runScenario -->
        <test-method signature="runScenario(io.cucumber.testng.PickleWrapper, io.cucumber.testng.FeatureWrapper)[pri:0, instance:com.example.TestRunner@5552768b]" started-at="2021-05-13T19:38:50 NZST" name="runScenario" description="Runs Cucumber Scenarios" data-provider="scenarios" finished-at="2021-05-13T19:38:58 NZST" duration-ms="8047" status="PASS">
          <params>
            <param index="0">
              <value>
                <![CDATA["Validate that the Model Column is present while inside  the Popular Model Page"]]>
              </value>
            </param>
            <param index="1">
              <value>
                <![CDATA["Optional[Popular Model Test]"]]>
              </value>
            </param>
          </params>
          <reporter-output>
          </reporter-output>
        </test-method> <!-- runScenario -->
        <test-method signature="runScenario(io.cucumber.testng.PickleWrapper, io.cucumber.testng.FeatureWrapper)[pri:0, instance:com.example.TestRunner@5552768b]" started-at="2021-05-13T19:38:58 NZST" name="runScenario" description="Runs Cucumber Scenarios" data-provider="scenarios" finished-at="2021-05-13T19:39:05 NZST" duration-ms="7169" status="PASS">
          <params>
            <param index="0">
              <value>
                <![CDATA["Validate that the Model Column is populated while inside  the Popular Model Page"]]>
              </value>
            </param>
            <param index="1">
              <value>
                <![CDATA["Optional[Popular Model Test]"]]>
              </value>
            </param>
          </params>
          <reporter-output>
          </reporter-output>
        </test-method> <!-- runScenario -->
        <test-method signature="runScenario(io.cucumber.testng.PickleWrapper, io.cucumber.testng.FeatureWrapper)[pri:0, instance:com.example.TestRunner@5552768b]" started-at="2021-05-13T19:39:05 NZST" name="runScenario" description="Runs Cucumber Scenarios" data-provider="scenarios" finished-at="2021-05-13T19:39:12 NZST" duration-ms="6711" status="PASS">
          <params>
            <param index="0">
              <value>
                <![CDATA["Validate that the Rank Column is present while inside  the Popular Model Page"]]>
              </value>
            </param>
            <param index="1">
              <value>
                <![CDATA["Optional[Popular Model Test]"]]>
              </value>
            </param>
          </params>
          <reporter-output>
          </reporter-output>
        </test-method> <!-- runScenario -->
        <test-method signature="runScenario(io.cucumber.testng.PickleWrapper, io.cucumber.testng.FeatureWrapper)[pri:0, instance:com.example.TestRunner@5552768b]" started-at="2021-05-13T19:39:12 NZST" name="runScenario" description="Runs Cucumber Scenarios" data-provider="scenarios" finished-at="2021-05-13T19:39:22 NZST" duration-ms="9942" status="PASS">
          <params>
            <param index="0">
              <value>
                <![CDATA["Validate that the number of votes is populated while inside the Popular Model Page"]]>
              </value>
            </param>
            <param index="1">
              <value>
                <![CDATA["Optional[Popular Model Test]"]]>
              </value>
            </param>
          </params>
          <reporter-output>
          </reporter-output>
        </test-method> <!-- runScenario -->
        <test-method signature="runScenario(io.cucumber.testng.PickleWrapper, io.cucumber.testng.FeatureWrapper)[pri:0, instance:com.example.TestRunner@5552768b]" started-at="2021-05-13T19:39:22 NZST" name="runScenario" description="Runs Cucumber Scenarios" data-provider="scenarios" finished-at="2021-05-13T19:39:31 NZST" duration-ms="9470" status="PASS">
          <params>
            <param index="0">
              <value>
                <![CDATA["Validate that the user can successfully change new password"]]>
              </value>
            </param>
            <param index="1">
              <value>
                <![CDATA["Optional[Profile Test]"]]>
              </value>
            </param>
          </params>
          <reporter-output>
          </reporter-output>
        </test-method> <!-- runScenario -->
        <test-method signature="runScenario(io.cucumber.testng.PickleWrapper, io.cucumber.testng.FeatureWrapper)[pri:0, instance:com.example.TestRunner@5552768b]" started-at="2021-05-13T19:39:31 NZST" name="runScenario" description="Runs Cucumber Scenarios" data-provider="scenarios" finished-at="2021-05-13T19:39:39 NZST" duration-ms="8125" status="PASS">
          <params>
            <param index="0">
              <value>
                <![CDATA["Validate that the user can visit the Profile Page"]]>
              </value>
            </param>
            <param index="1">
              <value>
                <![CDATA["Optional[Profile Test]"]]>
              </value>
            </param>
          </params>
          <reporter-output>
          </reporter-output>
        </test-method> <!-- runScenario -->
        <test-method signature="runScenario(io.cucumber.testng.PickleWrapper, io.cucumber.testng.FeatureWrapper)[pri:0, instance:com.example.TestRunner@5552768b]" started-at="2021-05-13T19:39:39 NZST" name="runScenario" description="Runs Cucumber Scenarios" data-provider="scenarios" finished-at="2021-05-13T19:39:47 NZST" duration-ms="7543" status="PASS">
          <params>
            <param index="0">
              <value>
                <![CDATA["Validate that the user can successfully change first name and last name"]]>
              </value>
            </param>
            <param index="1">
              <value>
                <![CDATA["Optional[Profile Test]"]]>
              </value>
            </param>
          </params>
          <reporter-output>
          </reporter-output>
        </test-method> <!-- runScenario -->
        <test-method signature="runScenario(io.cucumber.testng.PickleWrapper, io.cucumber.testng.FeatureWrapper)[pri:0, instance:com.example.TestRunner@5552768b]" started-at="2021-05-13T19:39:47 NZST" name="runScenario" description="Runs Cucumber Scenarios" data-provider="scenarios" finished-at="2021-05-13T19:39:56 NZST" duration-ms="8678" status="PASS">
          <params>
            <param index="0">
              <value>
                <![CDATA["Validate that the user can successfully change Gender, Age, Address, and Phone"]]>
              </value>
            </param>
            <param index="1">
              <value>
                <![CDATA["Optional[Profile Test]"]]>
              </value>
            </param>
          </params>
          <reporter-output>
          </reporter-output>
        </test-method> <!-- runScenario -->
        <test-method signature="runScenario(io.cucumber.testng.PickleWrapper, io.cucumber.testng.FeatureWrapper)[pri:0, instance:com.example.TestRunner@5552768b]" started-at="2021-05-13T19:39:56 NZST" name="runScenario" description="Runs Cucumber Scenarios" data-provider="scenarios" finished-at="2021-05-13T19:40:04 NZST" duration-ms="8387" status="PASS">
          <params>
            <param index="0">
              <value>
                <![CDATA["Validate that app should not accept any updates with age less than 0 or age greater than 96 and that are whole numbers"]]>
              </value>
            </param>
            <param index="1">
              <value>
                <![CDATA["Optional[Profile Test]"]]>
              </value>
            </param>
          </params>
          <reporter-output>
          </reporter-output>
        </test-method> <!-- runScenario -->
        <test-method signature="runScenario(io.cucumber.testng.PickleWrapper, io.cucumber.testng.FeatureWrapper)[pri:0, instance:com.example.TestRunner@5552768b]" started-at="2021-05-13T19:40:04 NZST" name="runScenario" description="Runs Cucumber Scenarios" data-provider="scenarios" finished-at="2021-05-13T19:40:14 NZST" duration-ms="10210" status="PASS">
          <params>
            <param index="0">
              <value>
                <![CDATA["Validate that app should not accept any updates with age less than 0 or age greater than 96 and that are whole numbers"]]>
              </value>
            </param>
            <param index="1">
              <value>
                <![CDATA["Optional[Profile Test]"]]>
              </value>
            </param>
          </params>
          <reporter-output>
          </reporter-output>
        </test-method> <!-- runScenario -->
        <test-method signature="runScenario(io.cucumber.testng.PickleWrapper, io.cucumber.testng.FeatureWrapper)[pri:0, instance:com.example.TestRunner@5552768b]" started-at="2021-05-13T19:40:14 NZST" name="runScenario" description="Runs Cucumber Scenarios" data-provider="scenarios" finished-at="2021-05-13T19:40:23 NZST" duration-ms="8356" status="PASS">
          <params>
            <param index="0">
              <value>
                <![CDATA["Validate that app should not accept any updates with age less than 0 or age greater than 96 and that are whole numbers"]]>
              </value>
            </param>
            <param index="1">
              <value>
                <![CDATA["Optional[Profile Test]"]]>
              </value>
            </param>
          </params>
          <reporter-output>
          </reporter-output>
        </test-method> <!-- runScenario -->
        <test-method signature="runScenario(io.cucumber.testng.PickleWrapper, io.cucumber.testng.FeatureWrapper)[pri:0, instance:com.example.TestRunner@5552768b]" started-at="2021-05-13T19:40:23 NZST" name="runScenario" description="Runs Cucumber Scenarios" data-provider="scenarios" finished-at="2021-05-13T19:40:32 NZST" duration-ms="9468" status="PASS">
          <params>
            <param index="0">
              <value>
                <![CDATA["Validate that app should not accept any updates with age less than 0 or age greater than 96 and that are whole numbers"]]>
              </value>
            </param>
            <param index="1">
              <value>
                <![CDATA["Optional[Profile Test]"]]>
              </value>
            </param>
          </params>
          <reporter-output>
          </reporter-output>
        </test-method> <!-- runScenario -->
        <test-method signature="runScenario(io.cucumber.testng.PickleWrapper, io.cucumber.testng.FeatureWrapper)[pri:0, instance:com.example.TestRunner@5552768b]" started-at="2021-05-13T19:40:32 NZST" name="runScenario" description="Runs Cucumber Scenarios" data-provider="scenarios" finished-at="2021-05-13T19:40:41 NZST" duration-ms="8681" status="PASS">
          <params>
            <param index="0">
              <value>
                <![CDATA["Validate that app should not accept any updates with age less than 0 or age greater than 96 and that contains a decimal point"]]>
              </value>
            </param>
            <param index="1">
              <value>
                <![CDATA["Optional[Profile Test]"]]>
              </value>
            </param>
          </params>
          <reporter-output>
          </reporter-output>
        </test-method> <!-- runScenario -->
        <test-method signature="runScenario(io.cucumber.testng.PickleWrapper, io.cucumber.testng.FeatureWrapper)[pri:0, instance:com.example.TestRunner@5552768b]" started-at="2021-05-13T19:40:41 NZST" name="runScenario" description="Runs Cucumber Scenarios" data-provider="scenarios" finished-at="2021-05-13T19:40:49 NZST" duration-ms="8621" status="PASS">
          <params>
            <param index="0">
              <value>
                <![CDATA["Validate that app should not accept any updates with age less than 0 or age greater than 96 and that contains a decimal point"]]>
              </value>
            </param>
            <param index="1">
              <value>
                <![CDATA["Optional[Profile Test]"]]>
              </value>
            </param>
          </params>
          <reporter-output>
          </reporter-output>
        </test-method> <!-- runScenario -->
        <test-method signature="runScenario(io.cucumber.testng.PickleWrapper, io.cucumber.testng.FeatureWrapper)[pri:0, instance:com.example.TestRunner@5552768b]" started-at="2021-05-13T19:40:49 NZST" name="runScenario" description="Runs Cucumber Scenarios" data-provider="scenarios" finished-at="2021-05-13T19:41:00 NZST" duration-ms="10412" status="PASS">
          <params>
            <param index="0">
              <value>
                <![CDATA["Validate that app should not accept any updates with age less than 0 or age greater than 96 and that contains a decimal point"]]>
              </value>
            </param>
            <param index="1">
              <value>
                <![CDATA["Optional[Profile Test]"]]>
              </value>
            </param>
          </params>
          <reporter-output>
          </reporter-output>
        </test-method> <!-- runScenario -->
        <test-method signature="runScenario(io.cucumber.testng.PickleWrapper, io.cucumber.testng.FeatureWrapper)[pri:0, instance:com.example.TestRunner@5552768b]" started-at="2021-05-13T19:41:00 NZST" name="runScenario" description="Runs Cucumber Scenarios" data-provider="scenarios" finished-at="2021-05-13T19:41:09 NZST" duration-ms="8925" status="PASS">
          <params>
            <param index="0">
              <value>
                <![CDATA["Validate that app should not accept any updates with age less than 0 or age greater than 96 and that contains a decimal point"]]>
              </value>
            </param>
            <param index="1">
              <value>
                <![CDATA["Optional[Profile Test]"]]>
              </value>
            </param>
          </params>
          <reporter-output>
          </reporter-output>
        </test-method> <!-- runScenario -->
        <test-method signature="runScenario(io.cucumber.testng.PickleWrapper, io.cucumber.testng.FeatureWrapper)[pri:0, instance:com.example.TestRunner@5552768b]" started-at="2021-05-13T19:41:09 NZST" name="runScenario" description="Runs Cucumber Scenarios" data-provider="scenarios" finished-at="2021-05-13T19:41:17 NZST" duration-ms="8061" status="PASS">
          <params>
            <param index="0">
              <value>
                <![CDATA["Validate that app should throw an  error message stating that the new password used must have a combination of alphanumeric and must have lowercase andmust have a nonascii character"]]>
              </value>
            </param>
            <param index="1">
              <value>
                <![CDATA["Optional[Profile Test]"]]>
              </value>
            </param>
          </params>
          <reporter-output>
          </reporter-output>
        </test-method> <!-- runScenario -->
        <test-method signature="runScenario(io.cucumber.testng.PickleWrapper, io.cucumber.testng.FeatureWrapper)[pri:0, instance:com.example.TestRunner@5552768b]" started-at="2021-05-13T19:41:17 NZST" name="runScenario" description="Runs Cucumber Scenarios" data-provider="scenarios" finished-at="2021-05-13T19:41:23 NZST" duration-ms="6088" status="PASS">
          <params>
            <param index="0">
              <value>
                <![CDATA["Validate that the user cannot register using invalid password format"]]>
              </value>
            </param>
            <param index="1">
              <value>
                <![CDATA["Optional[Registration Test]"]]>
              </value>
            </param>
          </params>
          <reporter-output>
          </reporter-output>
        </test-method> <!-- runScenario -->
        <test-method signature="runScenario(io.cucumber.testng.PickleWrapper, io.cucumber.testng.FeatureWrapper)[pri:0, instance:com.example.TestRunner@5552768b]" started-at="2021-05-13T19:41:23 NZST" name="runScenario" description="Runs Cucumber Scenarios" data-provider="scenarios" finished-at="2021-05-13T19:41:28 NZST" duration-ms="5486" status="PASS">
          <params>
            <param index="0">
              <value>
                <![CDATA["Validate that the user can register using valid password format"]]>
              </value>
            </param>
            <param index="1">
              <value>
                <![CDATA["Optional[Registration Test]"]]>
              </value>
            </param>
          </params>
          <reporter-output>
          </reporter-output>
        </test-method> <!-- runScenario -->
        <test-method is-config="true" signature="tearDownClass()[pri:0, instance:com.example.TestRunner@5552768b]" started-at="2021-05-13T19:41:28 NZST" name="tearDownClass" finished-at="2021-05-13T19:41:35 NZST" duration-ms="6162" status="PASS">
          <reporter-output>
          </reporter-output>
        </test-method> <!-- tearDownClass -->
      </class> <!-- com.example.TestRunner -->
    </test> <!-- Regression Tests -->
  </suite> <!-- Test Suite -->
</testng-results>
